<?xml version="1.0" encoding="UTF-8"?>
<testng-results ignored="0" total="1" passed="1" failed="0" skipped="0">
  <reporter-output>
  </reporter-output>
  <suite started-at="2024-03-18T21:27:00 IST" name="Default suite" finished-at="2024-03-18T21:27:14 IST" duration-ms="14655">
    <groups>
    </groups>
    <test started-at="2024-03-18T21:27:00 IST" name="Default test" finished-at="2024-03-18T21:27:14 IST" duration-ms="14655">
      <class name="notepadtest.Contact_Test">
        <test-method is-config="true" signature="setup()[pri:0, instance:notepadtest.Contact_Test@75d3a5e0]" started-at="2024-03-18T21:27:00 IST" name="setup" finished-at="2024-03-18T21:27:01 IST" duration-ms="1806" status="PASS">
          <reporter-output>
          </reporter-output>
        </test-method> <!-- setup -->
        <test-method is-config="true" signature="url()[pri:0, instance:notepadtest.Contact_Test@75d3a5e0]" started-at="2024-03-18T21:27:02 IST" name="url" finished-at="2024-03-18T21:27:05 IST" duration-ms="3282" status="PASS">
          <reporter-output>
          </reporter-output>
        </test-method> <!-- url -->
        <test-method signature="log()[pri:0, instance:notepadtest.Contact_Test@75d3a5e0]" started-at="2024-03-18T21:27:05 IST" name="log" finished-at="2024-03-18T21:27:14 IST" duration-ms="9507" status="PASS">
          <reporter-output>
          </reporter-output>
        </test-method> <!-- log -->
      </class> <!-- notepadtest.Contact_Test -->
    </test> <!-- Default test -->
  </suite> <!-- Default suite -->
</testng-results>
